Build started 12.10.2017 15:51:49.
     1>Project "C:\Users\ys\Downloads\public\ShapeCorrespGA_x64\ShapeCorrespGA_x64.vcxproj" on node 2 (build target(s)).
     1>InitializeBuildStatus:
         Creating "x64\Release\ShapeCorrespGA_x64.unsuccessfulbuild" because "AlwaysCreate" was specified.
       ClCompile:
         c:\Program Files (x86)\Microsoft Visual Studio 10.0\VC\bin\x86_amd64\CL.exe /c /Zi /nologo /W3 /WX- /O2 /Oi /GL /D "WIN32" /D NDEBUG /D _CONSOLE /D "_UNICODE" /D "UNICODE" /Gm- /EHsc /MD /GS /Gy /fp:precise /Zc:wchar_t /Zc:forScope /Fo"x64\Release\\" /Fd"x64\Release\vc100.pdb" /Gd /TP /errorReport:prompt "..\MAIN.cpp" ..\Mesh.cpp
         MAIN.cpp
         Mesh.cpp
       Link:
         c:\Program Files (x86)\Microsoft Visual Studio 10.0\VC\bin\x86_amd64\link.exe /ERRORREPORT:PROMPT /OUT:"C:\Users\ys\Downloads\public\ShapeCorrespGA_x64\x64\Release\ShapeCorrespGA_x64.exe" /INCREMENTAL:NO /NOLOGO kernel32.lib user32.lib gdi32.lib winspool.lib comdlg32.lib advapi32.lib shell32.lib ole32.lib oleaut32.lib uuid.lib odbc32.lib odbccp32.lib /MANIFEST /ManifestFile:"x64\Release\ShapeCorrespGA_x64.exe.intermediate.manifest" /MANIFESTUAC:"level='asInvoker' uiAccess='false'" /DEBUG /PDB:"C:\Users\ys\Downloads\public\ShapeCorrespGA_x64\x64\Release\ShapeCorrespGA_x64.pdb" /SUBSYSTEM:CONSOLE /OPT:REF /OPT:ICF /LTCG /TLBID:1 /DYNAMICBASE /NXCOMPAT /IMPLIB:"C:\Users\ys\Downloads\public\ShapeCorrespGA_x64\x64\Release\ShapeCorrespGA_x64.lib" /MACHINE:X64 x64\Release\GA.obj
         "x64\Release\MAIN.obj"
         x64\Release\Mesh.obj
         Generating code
         Finished generating code
         ShapeCorrespGA_x64.vcxproj -> C:\Users\ys\Downloads\public\ShapeCorrespGA_x64\x64\Release\ShapeCorrespGA_x64.exe
       Manifest:
         c:\Program Files (x86)\Microsoft SDKs\Windows\v7.0A\bin\mt.exe /nologo /verbose /outputresource:"C:\Users\ys\Downloads\public\ShapeCorrespGA_x64\x64\Release\ShapeCorrespGA_x64.exe;#1" /manifest x64\Release\ShapeCorrespGA_x64.exe.intermediate.manifest
       FinalizeBuildStatus:
         Deleting file "x64\Release\ShapeCorrespGA_x64.unsuccessfulbuild".
         Touching "x64\Release\ShapeCorrespGA_x64.lastbuildstate".
     1>Done Building Project "C:\Users\ys\Downloads\public\ShapeCorrespGA_x64\ShapeCorrespGA_x64.vcxproj" (build target(s)).

Build succeeded.

Time Elapsed 00:00:02.54
